Determining if the Q_WS_WIN exist failed with the following output:
Change Dir: /home/guillaume/bzr_projects/projetc++/CMakeFiles/CMakeTmp

Run Build Command:"/usr/bin/make" "cmTryCompileExec2696626184/fast"
/usr/bin/make -f CMakeFiles/cmTryCompileExec2696626184.dir/build.make CMakeFiles/cmTryCompileExec2696626184.dir/build
make[1]: Entering directory '/home/guillaume/bzr_projects/projetc++/CMakeFiles/CMakeTmp'
/usr/bin/cmake -E cmake_progress_report /home/guillaume/bzr_projects/projetc++/CMakeFiles/CMakeTmp/CMakeFiles 1
Building CXX object CMakeFiles/cmTryCompileExec2696626184.dir/CheckSymbolExists.cxx.o
/usr/bin/c++    -I/usr/include/qt4    -o CMakeFiles/cmTryCompileExec2696626184.dir/CheckSymbolExists.cxx.o -c /home/guillaume/bzr_projects/projetc++/CMakeFiles/CMakeTmp/CheckSymbolExists.cxx
/home/guillaume/bzr_projects/projetc++/CMakeFiles/CMakeTmp/CheckSymbolExists.cxx: In function ‘int main(int, char**)’:
/home/guillaume/bzr_projects/projetc++/CMakeFiles/CMakeTmp/CheckSymbolExists.cxx:8:19: error: ‘Q_WS_WIN’ was not declared in this scope
   return ((int*)(&Q_WS_WIN))[argc];
                   ^
CMakeFiles/cmTryCompileExec2696626184.dir/build.make:57: recipe for target 'CMakeFiles/cmTryCompileExec2696626184.dir/CheckSymbolExists.cxx.o' failed
make[1]: *** [CMakeFiles/cmTryCompileExec2696626184.dir/CheckSymbolExists.cxx.o] Error 1
make[1]: Leaving directory '/home/guillaume/bzr_projects/projetc++/CMakeFiles/CMakeTmp'
Makefile:118: recipe for target 'cmTryCompileExec2696626184/fast' failed
make: *** [cmTryCompileExec2696626184/fast] Error 2

File /home/guillaume/bzr_projects/projetc++/CMakeFiles/CMakeTmp/CheckSymbolExists.cxx:
/* */
#include <QtCore/qglobal.h>

int main(int argc, char** argv)
{
  (void)argv;
#ifndef Q_WS_WIN
  return ((int*)(&Q_WS_WIN))[argc];
#else
  (void)argc;
  return 0;
#endif
}

Determining if the Q_WS_QWS exist failed with the following output:
Change Dir: /home/guillaume/bzr_projects/projetc++/CMakeFiles/CMakeTmp

Run Build Command:"/usr/bin/make" "cmTryCompileExec108483575/fast"
/usr/bin/make -f CMakeFiles/cmTryCompileExec108483575.dir/build.make CMakeFiles/cmTryCompileExec108483575.dir/build
make[1]: Entering directory '/home/guillaume/bzr_projects/projetc++/CMakeFiles/CMakeTmp'
/usr/bin/cmake -E cmake_progress_report /home/guillaume/bzr_projects/projetc++/CMakeFiles/CMakeTmp/CMakeFiles 1
Building CXX object CMakeFiles/cmTryCompileExec108483575.dir/CheckSymbolExists.cxx.o
/usr/bin/c++    -I/usr/include/qt4    -o CMakeFiles/cmTryCompileExec108483575.dir/CheckSymbolExists.cxx.o -c /home/guillaume/bzr_projects/projetc++/CMakeFiles/CMakeTmp/CheckSymbolExists.cxx
/home/guillaume/bzr_projects/projetc++/CMakeFiles/CMakeTmp/CheckSymbolExists.cxx: In function ‘int main(int, char**)’:
/home/guillaume/bzr_projects/projetc++/CMakeFiles/CMakeTmp/CheckSymbolExists.cxx:8:19: error: ‘Q_WS_QWS’ was not declared in this scope
   return ((int*)(&Q_WS_QWS))[argc];
                   ^
CMakeFiles/cmTryCompileExec108483575.dir/build.make:57: recipe for target 'CMakeFiles/cmTryCompileExec108483575.dir/CheckSymbolExists.cxx.o' failed
make[1]: *** [CMakeFiles/cmTryCompileExec108483575.dir/CheckSymbolExists.cxx.o] Error 1
make[1]: Leaving directory '/home/guillaume/bzr_projects/projetc++/CMakeFiles/CMakeTmp'
Makefile:118: recipe for target 'cmTryCompileExec108483575/fast' failed
make: *** [cmTryCompileExec108483575/fast] Error 2

File /home/guillaume/bzr_projects/projetc++/CMakeFiles/CMakeTmp/CheckSymbolExists.cxx:
/* */
#include <QtCore/qglobal.h>

int main(int argc, char** argv)
{
  (void)argv;
#ifndef Q_WS_QWS
  return ((int*)(&Q_WS_QWS))[argc];
#else
  (void)argc;
  return 0;
#endif
}

Determining if the Q_WS_MAC exist failed with the following output:
Change Dir: /home/guillaume/bzr_projects/projetc++/CMakeFiles/CMakeTmp

Run Build Command:"/usr/bin/make" "cmTryCompileExec3732102090/fast"
/usr/bin/make -f CMakeFiles/cmTryCompileExec3732102090.dir/build.make CMakeFiles/cmTryCompileExec3732102090.dir/build
make[1]: Entering directory '/home/guillaume/bzr_projects/projetc++/CMakeFiles/CMakeTmp'
/usr/bin/cmake -E cmake_progress_report /home/guillaume/bzr_projects/projetc++/CMakeFiles/CMakeTmp/CMakeFiles 1
Building CXX object CMakeFiles/cmTryCompileExec3732102090.dir/CheckSymbolExists.cxx.o
/usr/bin/c++    -I/usr/include/qt4    -o CMakeFiles/cmTryCompileExec3732102090.dir/CheckSymbolExists.cxx.o -c /home/guillaume/bzr_projects/projetc++/CMakeFiles/CMakeTmp/CheckSymbolExists.cxx
/home/guillaume/bzr_projects/projetc++/CMakeFiles/CMakeTmp/CheckSymbolExists.cxx: In function ‘int main(int, char**)’:
/home/guillaume/bzr_projects/projetc++/CMakeFiles/CMakeTmp/CheckSymbolExists.cxx:8:19: error: ‘Q_WS_MAC’ was not declared in this scope
   return ((int*)(&Q_WS_MAC))[argc];
                   ^
CMakeFiles/cmTryCompileExec3732102090.dir/build.make:57: recipe for target 'CMakeFiles/cmTryCompileExec3732102090.dir/CheckSymbolExists.cxx.o' failed
make[1]: *** [CMakeFiles/cmTryCompileExec3732102090.dir/CheckSymbolExists.cxx.o] Error 1
make[1]: Leaving directory '/home/guillaume/bzr_projects/projetc++/CMakeFiles/CMakeTmp'
Makefile:118: recipe for target 'cmTryCompileExec3732102090/fast' failed
make: *** [cmTryCompileExec3732102090/fast] Error 2

File /home/guillaume/bzr_projects/projetc++/CMakeFiles/CMakeTmp/CheckSymbolExists.cxx:
/* */
#include <QtCore/qglobal.h>

int main(int argc, char** argv)
{
  (void)argv;
#ifndef Q_WS_MAC
  return ((int*)(&Q_WS_MAC))[argc];
#else
  (void)argc;
  return 0;
#endif
}

